f:\fcis\project template\graphics l1\debug\tmp\vc120.pdb
f:\fcis\project template\graphics l1\debug\tmp\vc120.idb
f:\fcis\project template\graphics l1\debug\tmp\applicationmanager.obj
f:\fcis\project template\graphics l1\debug\tmp\firstpersoncamera.obj
f:\fcis\project template\graphics l1\debug\tmp\md2leagueoflegend.obj
f:\fcis\project template\graphics l1\debug\tmp\md3.obj
f:\fcis\project template\graphics l1\debug\tmp\md5animation.obj
f:\fcis\project template\graphics l1\debug\tmp\md5model.obj
f:\fcis\project template\graphics l1\debug\tmp\renderer.obj
f:\fcis\project template\graphics l1\debug\tmp\keyframeanimationshader.obj
f:\fcis\project template\graphics l1\debug\tmp\main.obj
f:\fcis\project template\graphics l1\debug\tmp\md2model.obj
f:\fcis\project template\graphics l1\debug\tmp\model.obj
f:\fcis\project template\graphics l1\debug\tmp\model3d.obj
f:\fcis\project template\graphics l1\debug\tmp\modelnode.obj
f:\fcis\project template\graphics l1\debug\tmp\shaderprogram.obj
f:\fcis\project template\graphics l1\debug\tmp\shader.obj
f:\fcis\project template\graphics l1\debug\tmp\texture.obj
f:\fcis\project template\graphics l1\debug\tmp\texturedmodel.obj
f:\fcis\project template\graphics l1\debug\tmp\vertexbufferobject.obj
f:\fcis\project template\graphics l1\debug\tmp\stb_image.obj
f:\fcis\project template\debug\graphics l1.ilk
f:\fcis\project template\debug\graphics l1.exe
f:\fcis\project template\debug\graphics l1.pdb
f:\fcis\project template\graphics l1\debug\tmp\graphics l1.tlog\cl.command.1.tlog
f:\fcis\project template\graphics l1\debug\tmp\graphics l1.tlog\cl.read.1.tlog
f:\fcis\project template\graphics l1\debug\tmp\graphics l1.tlog\cl.write.1.tlog
f:\fcis\project template\graphics l1\debug\tmp\graphics l1.tlog\link.command.1.tlog
f:\fcis\project template\graphics l1\debug\tmp\graphics l1.tlog\link.read.1.tlog
f:\fcis\project template\graphics l1\debug\tmp\graphics l1.tlog\link.write.1.tlog
